<?xml version="1.0" encoding="UTF-8"?>
<testsuites>
  <testsuite name="dweetio" tests="3" assertions="3" failures="0" errors="0" time="1.302985">
    <testsuite name="Noondaysun\Dweetio\Tests\DweetioTest" file="/home/feighen/workspace/dweetio/tests/DweetioTest.php" tests="3" assertions="3" failures="0" errors="0" time="1.302985">
      <testcase name="testDweetingFor" class="Noondaysun\Dweetio\Tests\DweetioTest" file="/home/feighen/workspace/dweetio/tests/DweetioTest.php" line="66" assertions="0" time="0.009441"/>
      <testcase name="testQuietlyDweetingFor" class="Noondaysun\Dweetio\Tests\DweetioTest" file="/home/feighen/workspace/dweetio/tests/DweetioTest.php" line="73" assertions="0" time="0.002230"/>
      <testcase name="testGettingLatestDweetsForFailure" class="Noondaysun\Dweetio\Tests\DweetioTest" file="/home/feighen/workspace/dweetio/tests/DweetioTest.php" line="80" assertions="3" time="1.291314"/>
    </testsuite>
  </testsuite>
</testsuites>
