<?xml version="1.0" encoding="UTF-8"?>
<testsuites>
  <testsuite name="dweetio" tests="4" assertions="13" failures="0" errors="0" time="2.857361">
    <testsuite name="Noondaysun\Dweetio\Tests\DweetioTest" file="/home/feighen/workspace/dweetio/tests/DweetioTest.php" tests="4" assertions="13" failures="0" errors="0" time="2.857361">
      <testcase name="testDweetingForFailure" class="Noondaysun\Dweetio\Tests\DweetioTest" file="/home/feighen/workspace/dweetio/tests/DweetioTest.php" line="67" assertions="3" time="0.098188"/>
      <testcase name="testDweetingForSuccess" class="Noondaysun\Dweetio\Tests\DweetioTest" file="/home/feighen/workspace/dweetio/tests/DweetioTest.php" line="84" assertions="7" time="1.704584"/>
      <testcase name="testQuietlyDweetingFor" class="Noondaysun\Dweetio\Tests\DweetioTest" file="/home/feighen/workspace/dweetio/tests/DweetioTest.php" line="110" assertions="0" time="0.002048"/>
      <testcase name="testGettingLatestDweetsForFailure" class="Noondaysun\Dweetio\Tests\DweetioTest" file="/home/feighen/workspace/dweetio/tests/DweetioTest.php" line="117" assertions="3" time="1.052541"/>
    </testsuite>
  </testsuite>
</testsuites>
