<?xml version="1.0" encoding="UTF-8"?>
<testsuites>
  <testsuite name="dweetio" tests="4" assertions="13" failures="0" errors="0" time="2.725666">
    <testsuite name="Noondaysun\Dweetio\Tests\DweetioTest" file="/home/feighen/workspace/dweetio/tests/DweetioTest.php" tests="4" assertions="13" failures="0" errors="0" time="2.725666">
      <testcase name="testDweetingForFailure" class="Noondaysun\Dweetio\Tests\DweetioTest" file="/home/feighen/workspace/dweetio/tests/DweetioTest.php" line="67" assertions="3" time="0.015251"/>
      <testcase name="testDweetingForSuccess" class="Noondaysun\Dweetio\Tests\DweetioTest" file="/home/feighen/workspace/dweetio/tests/DweetioTest.php" line="84" assertions="7" time="1.663835"/>
      <testcase name="testQuietlyDweetingFor" class="Noondaysun\Dweetio\Tests\DweetioTest" file="/home/feighen/workspace/dweetio/tests/DweetioTest.php" line="110" assertions="0" time="0.002018"/>
      <testcase name="testGettingLatestDweetsForFailure" class="Noondaysun\Dweetio\Tests\DweetioTest" file="/home/feighen/workspace/dweetio/tests/DweetioTest.php" line="117" assertions="3" time="1.044562"/>
    </testsuite>
  </testsuite>
</testsuites>
